# JRE version: Java(TM) SE Runtime Environment (8.0_111-b14) (build 1.8.0_111-b14)
# Java VM: Java HotSpot(TM) 64-Bit Server VM (25.111-b14 mixed mode windows-amd64 compressed oops)
Heap:
 PSYoungGen      total 279040K, used 43337K [0x0000000780580000, 0x0000000798c00000, 0x00000007c0000000)
  eden space 257536K, 8% used [0x0000000780580000,0x0000000781ad2ad8,0x0000000790100000)
  from space 21504K, 99% used [0x0000000790100000,0x00000007915ffb68,0x0000000791600000)
  to   space 27648K, 0% used [0x0000000797100000,0x0000000797100000,0x0000000798c00000)
 ParOldGen       total 118784K, used 33556K [0x0000000701000000, 0x0000000708400000, 0x0000000780580000)
  object space 118784K, 28% used [0x0000000701000000,0x00000007030c5100,0x0000000708400000)
 Metaspace       used 54017K, capacity 56810K, committed 56960K, reserved 1099776K
  class space    used 6893K, capacity 7431K, committed 7552K, reserved 1048576K
GC Heap History (10 events):
Event: 5.545 GC heap before
{Heap before GC invocations=5 (full 1):
 PSYoungGen      total 106496K, used 98304K [0x0000000780580000, 0x000000078d580000, 0x00000007c0000000)
  eden space 98304K, 100% used [0x0000000780580000,0x0000000786580000,0x0000000786580000)
  from space 8192K, 0% used [0x0000000786580000,0x0000000786580000,0x0000000786d80000)
  to   space 8192K, 0% used [0x000000078cd80000,0x000000078cd80000,0x000000078d580000)
 ParOldGen       total 74752K, used 9022K [0x0000000701000000, 0x0000000705900000, 0x0000000780580000)
  object space 74752K, 12% used [0x0000000701000000,0x00000007018cf990,0x0000000705900000)
 Metaspace       used 25735K, capacity 26822K, committed 27008K, reserved 1073152K
  class space    used 3458K, capacity 3693K, committed 3712K, reserved 1048576K
Event: 5.559 GC heap after
Heap after GC invocations=5 (full 1):
 PSYoungGen      total 172032K, used 8168K [0x0000000780580000, 0x000000078d580000, 0x00000007c0000000)
  eden space 163840K, 0% used [0x0000000780580000,0x0000000780580000,0x000000078a580000)
  from space 8192K, 99% used [0x000000078cd80000,0x000000078d57a038,0x000000078d580000)
  to   space 8192K, 0% used [0x000000078c580000,0x000000078c580000,0x000000078cd80000)
 ParOldGen       total 74752K, used 9804K [0x0000000701000000, 0x0000000705900000, 0x0000000780580000)
  object space 74752K, 13% used [0x0000000701000000,0x00000007019930c8,0x0000000705900000)
 Metaspace       used 25735K, capacity 26822K, committed 27008K, reserved 1073152K
  class space    used 3458K, capacity 3693K, committed 3712K, reserved 1048576K
}
Event: 7.711 GC heap before
{Heap before GC invocations=6 (full 1):
 PSYoungGen      total 172032K, used 124575K [0x0000000780580000, 0x000000078d580000, 0x00000007c0000000)
  eden space 163840K, 71% used [0x0000000780580000,0x000000078772dbf8,0x000000078a580000)
  from space 8192K, 99% used [0x000000078cd80000,0x000000078d57a038,0x000000078d580000)
  to   space 8192K, 0% used [0x000000078c580000,0x000000078c580000,0x000000078cd80000)
 ParOldGen       total 74752K, used 9804K [0x0000000701000000, 0x0000000705900000, 0x0000000780580000)
  object space 74752K, 13% used [0x0000000701000000,0x00000007019930c8,0x0000000705900000)
 Metaspace       used 33675K, capacity 35410K, committed 35496K, reserved 1079296K
  class space    used 4529K, capacity 4861K, committed 4864K, reserved 1048576K
Event: 7.736 GC heap after
Heap after GC invocations=6 (full 1):
 PSYoungGen      total 204800K, used 8166K [0x0000000780580000, 0x0000000792280000, 0x00000007c0000000)
  eden space 196608K, 0% used [0x0000000780580000,0x0000000780580000,0x000000078c580000)
  from space 8192K, 99% used [0x000000078c580000,0x000000078cd79a50,0x000000078cd80000)
  to   space 12800K, 0% used [0x0000000791600000,0x0000000791600000,0x0000000792280000)
 ParOldGen       total 74752K, used 13456K [0x0000000701000000, 0x0000000705900000, 0x0000000780580000)
  object space 74752K, 18% used [0x0000000701000000,0x0000000701d24010,0x0000000705900000)
 Metaspace       used 33675K, capacity 35410K, committed 35496K, reserved 1079296K
  class space    used 4529K, capacity 4861K, committed 4864K, reserved 1048576K
}
Event: 7.736 GC heap before
{Heap before GC invocations=7 (full 2):
 PSYoungGen      total 204800K, used 8166K [0x0000000780580000, 0x0000000792280000, 0x00000007c0000000)
  eden space 196608K, 0% used [0x0000000780580000,0x0000000780580000,0x000000078c580000)
  from space 8192K, 99% used [0x000000078c580000,0x000000078cd79a50,0x000000078cd80000)
  to   space 12800K, 0% used [0x0000000791600000,0x0000000791600000,0x0000000792280000)
 ParOldGen       total 74752K, used 13456K [0x0000000701000000, 0x0000000705900000, 0x0000000780580000)
  object space 74752K, 18% used [0x0000000701000000,0x0000000701d24010,0x0000000705900000)
 Metaspace       used 33675K, capacity 35410K, committed 35496K, reserved 1079296K
  class space    used 4529K, capacity 4861K, committed 4864K, reserved 1048576K
Event: 7.844 GC heap after
Heap after GC invocations=7 (full 2):
 PSYoungGen      total 204800K, used 0K [0x0000000780580000, 0x0000000792280000, 0x00000007c0000000)
  eden space 196608K, 0% used [0x0000000780580000,0x0000000780580000,0x000000078c580000)
  from space 8192K, 0% used [0x000000078c580000,0x000000078c580000,0x000000078cd80000)
  to   space 12800K, 0% used [0x0000000791600000,0x0000000791600000,0x0000000792280000)
 ParOldGen       total 118784K, used 16588K [0x0000000701000000, 0x0000000708400000, 0x0000000780580000)
  object space 118784K, 13% used [0x0000000701000000,0x0000000702033160,0x0000000708400000)
 Metaspace       used 33675K, capacity 35410K, committed 35496K, reserved 1079296K
  class space    used 4529K, capacity 4861K, committed 4864K, reserved 1048576K
}
Event: 51.020 GC heap before
{Heap before GC invocations=8 (full 2):
 PSYoungGen      total 204800K, used 196608K [0x0000000780580000, 0x0000000792280000, 0x00000007c0000000)
  eden space 196608K, 100% used [0x0000000780580000,0x000000078c580000,0x000000078c580000)
  from space 8192K, 0% used [0x000000078c580000,0x000000078c580000,0x000000078cd80000)
  to   space 12800K, 0% used [0x0000000791600000,0x0000000791600000,0x0000000792280000)
 ParOldGen       total 118784K, used 16588K [0x0000000701000000, 0x0000000708400000, 0x0000000780580000)
  object space 118784K, 13% used [0x0000000701000000,0x0000000702033160,0x0000000708400000)
 Metaspace       used 50117K, capacity 52360K, committed 52480K, reserved 1095680K
  class space    used 6456K, capacity 6891K, committed 6912K, reserved 1048576K
Event: 51.066 GC heap after
Heap after GC invocations=8 (full 2):
 PSYoungGen      total 270336K, used 12791K [0x0000000780580000, 0x0000000793d00000, 0x00000007c0000000)
  eden space 257536K, 0% used [0x0000000780580000,0x0000000780580000,0x0000000790100000)
  from space 12800K, 99% used [0x0000000791600000,0x000000079227de88,0x0000000792280000)
  to   space 21504K, 0% used [0x0000000790100000,0x0000000790100000,0x0000000791600000)
 ParOldGen       total 118784K, used 29075K [0x0000000701000000, 0x0000000708400000, 0x0000000780580000)
  object space 118784K, 24% used [0x0000000701000000,0x0000000702c64f20,0x0000000708400000)
 Metaspace       used 50117K, capacity 52360K, committed 52480K, reserved 1095680K
  class space    used 6456K, capacity 6891K, committed 6912K, reserved 1048576K
}
Event: 217.330 GC heap before
{Heap before GC invocations=9 (full 2):
 PSYoungGen      total 270336K, used 270327K [0x0000000780580000, 0x0000000793d00000, 0x00000007c0000000)
  eden space 257536K, 100% used [0x0000000780580000,0x0000000790100000,0x0000000790100000)
  from space 12800K, 99% used [0x0000000791600000,0x000000079227de88,0x0000000792280000)
  to   space 21504K, 0% used [0x0000000790100000,0x0000000790100000,0x0000000791600000)
 ParOldGen       total 118784K, used 29075K [0x0000000701000000, 0x0000000708400000, 0x0000000780580000)
  object space 118784K, 24% used [0x0000000701000000,0x0000000702c64f20,0x0000000708400000)
 Metaspace       used 54010K, capacity 56804K, committed 56960K, reserved 1099776K
  class space    used 6892K, capacity 7430K, committed 7552K, reserved 1048576K
Event: 217.373 GC heap after
Heap after GC invocations=9 (full 2):
 PSYoungGen      total 279040K, used 21502K [0x0000000780580000, 0x0000000798c00000, 0x00000007c0000000)
  eden space 257536K, 0% used [0x0000000780580000,0x0000000780580000,0x0000000790100000)
  from space 21504K, 99% used [0x0000000790100000,0x00000007915ffb68,0x0000000791600000)
  to   space 27648K, 0% used [0x0000000797100000,0x0000000797100000,0x0000000798c00000)
 ParOldGen       total 118784K, used 33556K [0x0000000701000000, 0x0000000708400000, 0x0000000780580000)
  object space 118784K, 28% used [0x0000000701000000,0x00000007030c5100,0x0000000708400000)
 Metaspace       used 54010K, capacity 56804K, committed 56960K, reserved 1099776K
  class space    used 6892K, capacity 7430K, committed 7552K, reserved 1048576K
}

